2022-07-26 20:36:41.471  INFO 11392 --- [main] c.project.election.ElectionApplication   : Starting ElectionApplication using Java 1.8.0_202 on LAPTOP-RD2ICG36 with PID 11392 (C:\Election\election\target\classes started by User in C:\Election\election)
2022-07-26 20:36:41.498  INFO 11392 --- [main] c.project.election.ElectionApplication   : No active profile set, falling back to 1 default profile: "default"
2022-07-26 20:36:42.436  INFO 11392 --- [main] .s.d.r.c.RepositoryConfigurationDelegate : Bootstrapping Spring Data JPA repositories in DEFAULT mode.
2022-07-26 20:36:42.514  INFO 11392 --- [main] .s.d.r.c.RepositoryConfigurationDelegate : Finished Spring Data repository scanning in 63 ms. Found 5 JPA repository interfaces.
2022-07-26 20:36:43.485  INFO 11392 --- [main] o.s.b.w.embedded.tomcat.TomcatWebServer  : Tomcat initialized with port(s): 8085 (http)
2022-07-26 20:36:43.503  INFO 11392 --- [main] o.apache.catalina.core.StandardService   : Starting service [Tomcat]
2022-07-26 20:36:43.504  INFO 11392 --- [main] org.apache.catalina.core.StandardEngine  : Starting Servlet engine: [Apache Tomcat/9.0.65]
2022-07-26 20:36:43.925  INFO 11392 --- [main] o.a.c.c.C.[.[localhost].[/election]      : Initializing Spring embedded WebApplicationContext
2022-07-26 20:36:43.926  INFO 11392 --- [main] w.s.c.ServletWebServerApplicationContext : Root WebApplicationContext: initialization completed in 2345 ms
2022-07-26 20:36:44.158  INFO 11392 --- [main] com.zaxxer.hikari.HikariDataSource       : HikariPool-1 - Starting...
2022-07-26 20:36:45.089  INFO 11392 --- [main] com.zaxxer.hikari.HikariDataSource       : HikariPool-1 - Start completed.
2022-07-26 20:36:45.176  INFO 11392 --- [main] o.hibernate.jpa.internal.util.LogHelper  : HHH000204: Processing PersistenceUnitInfo [name: default]
2022-07-26 20:36:45.264  INFO 11392 --- [main] org.hibernate.Version                    : HHH000412: Hibernate ORM core version 5.6.10.Final
2022-07-26 20:36:45.512  INFO 11392 --- [main] o.hibernate.annotations.common.Version   : HCANN000001: Hibernate Commons Annotations {5.1.2.Final}
2022-07-26 20:36:45.663  INFO 11392 --- [main] org.hibernate.dialect.Dialect            : HHH000400: Using dialect: org.hibernate.dialect.MySQLDialect
2022-07-26 20:36:46.508  INFO 11392 --- [main] o.h.e.t.j.p.i.JtaPlatformInitiator       : HHH000490: Using JtaPlatform implementation: [org.hibernate.engine.transaction.jta.platform.internal.NoJtaPlatform]
2022-07-26 20:36:46.519  INFO 11392 --- [main] j.LocalContainerEntityManagerFactoryBean : Initialized JPA EntityManagerFactory for persistence unit 'default'
2022-07-26 20:36:47.150  WARN 11392 --- [main] JpaBaseConfiguration$JpaWebConfiguration : spring.jpa.open-in-view is enabled by default. Therefore, database queries may be performed during view rendering. Explicitly configure spring.jpa.open-in-view to disable this warning
2022-07-26 20:36:47.784  INFO 11392 --- [main] o.s.b.w.embedded.tomcat.TomcatWebServer  : Tomcat started on port(s): 8085 (http) with context path '/election'
2022-07-26 20:36:47.802  INFO 11392 --- [main] c.project.election.ElectionApplication   : Started ElectionApplication in 6.83 seconds (JVM running for 7.497)
2022-07-26 20:37:06.148  INFO 11392 --- [http-nio-8085-exec-2] o.a.c.c.C.[.[localhost].[/election]      : Initializing Spring DispatcherServlet 'dispatcherServlet'
2022-07-26 20:37:06.149  INFO 11392 --- [http-nio-8085-exec-2] o.s.web.servlet.DispatcherServlet        : Initializing Servlet 'dispatcherServlet'
2022-07-26 20:37:06.150  INFO 11392 --- [http-nio-8085-exec-2] o.s.web.servlet.DispatcherServlet        : Completed initialization in 1 ms
2022-07-26 20:37:06.313  INFO 11392 --- [http-nio-8085-exec-2] c.p.e.controller.ElectionController      : got the request from the mco officer to create electionSun Sep 25 05:30:00 IST 2022
2022-07-26 20:37:06.315  INFO 11392 --- [http-nio-8085-exec-2] c.p.e.controller.ElectionController      : about to call the master city to fetch the city by passing cityId1
2022-07-26 20:37:06.339  INFO 11392 --- [http-nio-8085-exec-2] com.project.election.entity.MasterCity   : got the request from the controller class to get the city by passing 1
2022-07-26 20:37:06.454  INFO 11392 --- [http-nio-8085-exec-2] c.p.e.controller.ElectionController      : about to call the ElectionCreation Service to get the ElectionCreation object1
2022-07-26 20:37:06.460  INFO 11392 --- [http-nio-8085-exec-2] c.p.e.service.ElectionTypeService        : about to get the electiontype by passing eletionId
